ERROR [org.apache.jsp.META_002dINF.views.framework.panic_jsp] HTTP GET /acme-jobs/META-INF/views/framework/page.jsp HTTP/1.1
ERROR [org.apache.jsp.META_002dINF.views.framework.panic_jsp] Status: 500
ERROR [org.apache.jsp.META_002dINF.views.framework.panic_jsp] Exception: acme.framework.helpers.Assert.state(Assert.java:40): End-point not available
ERROR [org.apache.jsp.META_002dINF.views.framework.panic_jsp] HTTP GET /acme-jobs/META-INF/views/framework/page.jsp HTTP/1.1
ERROR [org.apache.jsp.META_002dINF.views.framework.panic_jsp] Status: 500
ERROR [org.apache.jsp.META_002dINF.views.framework.panic_jsp] Exception: acme.framework.helpers.Assert.state(Assert.java:40): End-point not available
ERROR [org.apache.jsp.META_002dINF.views.framework.panic_jsp] HTTP GET /acme-jobs/META-INF/views/framework/page.jsp HTTP/1.1
ERROR [org.apache.jsp.META_002dINF.views.framework.panic_jsp] Status: 500
ERROR [org.apache.jsp.META_002dINF.views.framework.panic_jsp] Exception: acme.framework.helpers.Assert.state(Assert.java:40): End-point not available
ERROR [org.apache.jsp.META_002dINF.views.framework.panic_jsp] HTTP GET /acme-jobs/META-INF/views/framework/page.jsp HTTP/1.1
ERROR [org.apache.jsp.META_002dINF.views.framework.panic_jsp] Status: 500
ERROR [org.apache.jsp.META_002dINF.views.framework.panic_jsp] Exception: java.lang.AssertionError
ERROR [org.apache.jsp.META_002dINF.views.framework.panic_jsp] HTTP GET /acme-jobs/META-INF/views/framework/page.jsp HTTP/1.1
ERROR [org.apache.jsp.META_002dINF.views.framework.panic_jsp] Status: 500
ERROR [org.apache.jsp.META_002dINF.views.framework.panic_jsp] Exception: acme.framework.helpers.Assert.state(Assert.java:40): End-point not available
ERROR [org.apache.jsp.META_002dINF.views.framework.panic_jsp] HTTP GET /acme-jobs/META-INF/views/framework/page.jsp HTTP/1.1
ERROR [org.apache.jsp.META_002dINF.views.framework.panic_jsp] Status: 500
ERROR [org.apache.jsp.META_002dINF.views.framework.panic_jsp] Exception: acme.framework.helpers.Assert.state(Assert.java:40): End-point not available
ERROR [org.apache.jsp.META_002dINF.views.framework.panic_jsp] HTTP GET /acme-jobs/META-INF/views/framework/page.jsp HTTP/1.1
ERROR [org.apache.jsp.META_002dINF.views.framework.panic_jsp] Status: 500
ERROR [org.apache.jsp.META_002dINF.views.framework.panic_jsp] Exception: acme.framework.helpers.Assert.state(Assert.java:40): End-point not available
=======
WARN [org.springframework.boot.web.servlet.context.AnnotationConfigServletWebServerApplicationContext] Exception encountered during context initialization - cancelling refresh attempt: org.springframework.beans.factory.BeanCreationException: Error creating bean with name 'entityManagerFactory' defined in class path resource [org/springframework/boot/autoconfigure/orm/jpa/HibernateJpaConfiguration.class]: Invocation of init method failed; nested exception is javax.persistence.PersistenceException: [PersistenceUnit: default] Unable to build Hibernate SessionFactory; nested exception is org.hibernate.tool.schema.spi.SchemaManagementException: Schema-validation: missing column [identity_phone_area_code] in table [user_account]
ERROR [org.springframework.boot.SpringApplication] at org.springframework.beans.factory.support.AbstractAutowireCapableBeanFactory.initializeBean(AbstractAutowireCapableBeanFactory.java:1778): Error creating bean with name 'entityManagerFactory' defined in class path resource [org/springframework/boot/autoconfigure/orm/jpa/HibernateJpaConfiguration.class]: Invocation of init method failed; nested exception is javax.persistence.PersistenceException: [PersistenceUnit: default] Unable to build Hibernate SessionFactory; nested exception is org.hibernate.tool.schema.spi.SchemaManagementException: Schema-validation: missing column [identity_phone_area_code] in table [user_account]
at org.springframework.orm.jpa.AbstractEntityManagerFactoryBean.buildNativeEntityManagerFactory(AbstractEntityManagerFactoryBean.java:402): [PersistenceUnit: default] Unable to build Hibernate SessionFactory; nested exception is org.hibernate.tool.schema.spi.SchemaManagementException: Schema-validation: missing column [identity_phone_area_code] in table [user_account]
at org.hibernate.tool.schema.internal.AbstractSchemaValidator.validateTable(AbstractSchemaValidator.java:136): Schema-validation: missing column [identity_phone_area_code] in table [user_account]
ERROR [org.apache.catalina.core.ContainerBase.[Tomcat].[localhost].[/acme-jobs].[jsp]] at org.apache.jasper.compiler.DefaultErrorHandler.jspError(DefaultErrorHandler.java:55): Unable to find taglib [acme] for URI: [/WEB-INF/tags]
ERROR [org.apache.catalina.core.ContainerBase.[Tomcat].[localhost].[/acme-jobs].[jsp]] at org.apache.tiles.request.servlet.ServletUtil.wrapServletException(ServletUtil.java:63): JSPException including path '../anonymous/user-account/form.jsp'.
at org.apache.jasper.compiler.DefaultErrorHandler.jspError(DefaultErrorHandler.java:55): Unable to find taglib [acme] for URI: [/WEB-INF/tags]
ERROR [org.apache.catalina.core.ContainerBase.[Tomcat].[localhost].[/acme-jobs].[dispatcherServlet]] at org.apache.jasper.compiler.DefaultErrorHandler.jspError(DefaultErrorHandler.java:55): Unable to find taglib [acme] for URI: [/WEB-INF/tags]
ERROR [org.apache.jsp.META_002dINF.views.framework.panic_jsp] HTTP GET /acme-jobs/master/panic HTTP/1.1
ERROR [org.apache.jsp.META_002dINF.views.framework.panic_jsp] Status: 500
ERROR [org.apache.jsp.META_002dINF.views.framework.panic_jsp] Exception: org.springframework.web.servlet.FrameworkServlet.processRequest(FrameworkServlet.java:1013): Request processing failed; nested exception is org.apache.tiles.request.render.CannotRenderException: JSPException including path '../anonymous/user-account/form.jsp'.
org.apache.tiles.impl.BasicTilesContainer.render(BasicTilesContainer.java:399): JSPException including path '../anonymous/user-account/form.jsp'.
org.apache.tiles.request.servlet.ServletUtil.wrapServletException(ServletUtil.java:63): JSPException including path '../anonymous/user-account/form.jsp'.
org.apache.jasper.compiler.DefaultErrorHandler.jspError(DefaultErrorHandler.java:55): Unable to find taglib [acme] for URI: [/WEB-INF/tags]
ERROR [org.apache.catalina.core.ContainerBase.[Tomcat].[localhost].[/acme-jobs].[jsp]] at org.apache.jasper.compiler.DefaultErrorHandler.jspError(DefaultErrorHandler.java:55): Unable to find taglib [acme] for URI: [/WEB-INF/tags]
ERROR [org.apache.catalina.core.ContainerBase.[Tomcat].[localhost].[/acme-jobs].[jsp]] at org.apache.tiles.request.servlet.ServletUtil.wrapServletException(ServletUtil.java:63): JSPException including path '../authenticated/user-account/form.jsp'.
at org.apache.jasper.compiler.DefaultErrorHandler.jspError(DefaultErrorHandler.java:55): Unable to find taglib [acme] for URI: [/WEB-INF/tags]
ERROR [org.apache.catalina.core.ContainerBase.[Tomcat].[localhost].[/acme-jobs].[dispatcherServlet]] at org.apache.jasper.compiler.DefaultErrorHandler.jspError(DefaultErrorHandler.java:55): Unable to find taglib [acme] for URI: [/WEB-INF/tags]
ERROR [org.apache.jsp.META_002dINF.views.framework.panic_jsp] HTTP GET /acme-jobs/master/panic HTTP/1.1
ERROR [org.apache.jsp.META_002dINF.views.framework.panic_jsp] Status: 500
ERROR [org.apache.jsp.META_002dINF.views.framework.panic_jsp] Exception: org.springframework.web.servlet.FrameworkServlet.processRequest(FrameworkServlet.java:1013): Request processing failed; nested exception is org.apache.tiles.request.render.CannotRenderException: JSPException including path '../authenticated/user-account/form.jsp'.
org.apache.tiles.impl.BasicTilesContainer.render(BasicTilesContainer.java:399): JSPException including path '../authenticated/user-account/form.jsp'.
org.apache.tiles.request.servlet.ServletUtil.wrapServletException(ServletUtil.java:63): JSPException including path '../authenticated/user-account/form.jsp'.
org.apache.jasper.compiler.DefaultErrorHandler.jspError(DefaultErrorHandler.java:55): Unable to find taglib [acme] for URI: [/WEB-INF/tags]

ERROR [org.apache.jsp.META_002dINF.views.framework.panic_jsp] HTTP GET /acme-jobs/META-INF/views/framework/page.jsp HTTP/1.1
ERROR [org.apache.jsp.META_002dINF.views.framework.panic_jsp] Status: 404
ERROR [org.apache.jsp.META_002dINF.views.framework.panic_jsp] HTTP GET /acme-jobs/META-INF/views/framework/page.jsp HTTP/1.1
ERROR [org.apache.jsp.META_002dINF.views.framework.panic_jsp] Status: 404
ERROR [org.apache.jsp.META_002dINF.views.framework.panic_jsp] HTTP GET /acme-jobs/META-INF/views/framework/page.jsp HTTP/1.1
ERROR [org.apache.jsp.META_002dINF.views.framework.panic_jsp] Status: 404
ERROR [org.apache.jsp.META_002dINF.views.framework.panic_jsp] HTTP GET /acme-jobs/META-INF/views/framework/page.jsp HTTP/1.1
ERROR [org.apache.jsp.META_002dINF.views.framework.panic_jsp] Status: 500
ERROR [org.apache.jsp.META_002dINF.views.framework.panic_jsp] Exception: acme.framework.helpers.Assert.state(Assert.java:40): Access is not authorised
ERROR [org.apache.catalina.core.ContainerBase.[Tomcat].[localhost].[/acme-jobs].[jsp]] at javax.el.BeanELResolver$BeanProperties.get(BeanELResolver.java:260): Property [banner] not found on type [acme.entities.comercialbanner.Comercialbanner]
ERROR [org.apache.catalina.core.ContainerBase.[Tomcat].[localhost].[/acme-jobs].[dispatcherServlet]] at javax.el.BeanELResolver$BeanProperties.get(BeanELResolver.java:260): Property [banner] not found on type [acme.entities.comercialbanner.Comercialbanner]
ERROR [org.apache.jsp.META_002dINF.views.framework.panic_jsp] HTTP GET /acme-jobs/master/panic HTTP/1.1
ERROR [org.apache.jsp.META_002dINF.views.framework.panic_jsp] Status: 500
ERROR [org.apache.jsp.META_002dINF.views.framework.panic_jsp] Exception: org.springframework.web.servlet.FrameworkServlet.processRequest(FrameworkServlet.java:1013): Request processing failed; nested exception is org.apache.tiles.request.render.CannotRenderException: ServletException including path '/META-INF/views/framework/page.jsp'.
org.apache.tiles.impl.BasicTilesContainer.render(BasicTilesContainer.java:399): ServletException including path '/META-INF/views/framework/page.jsp'.
org.apache.tiles.request.servlet.ServletUtil.wrapServletException(ServletUtil.java:61): ServletException including path '/META-INF/views/framework/page.jsp'.
javax.el.BeanELResolver$BeanProperties.get(BeanELResolver.java:260): Property [banner] not found on type [acme.entities.comercialbanner.Comercialbanner]
ERROR [org.apache.catalina.core.ContainerBase.[Tomcat].[localhost].[/acme-jobs].[jsp]] at javax.el.BeanELResolver$BeanProperties.get(BeanELResolver.java:260): Property [banner] not found on type [acme.entities.comercialbanner.Comercialbanner]
ERROR [org.apache.catalina.core.ContainerBase.[Tomcat].[localhost].[/acme-jobs].[dispatcherServlet]] at javax.el.BeanELResolver$BeanProperties.get(BeanELResolver.java:260): Property [banner] not found on type [acme.entities.comercialbanner.Comercialbanner]
ERROR [org.apache.catalina.core.ContainerBase.[Tomcat].[localhost]] at org.springframework.web.servlet.FrameworkServlet.processRequest(FrameworkServlet.java:1013): Request processing failed; nested exception is org.apache.tiles.request.render.CannotRenderException: ServletException including path '/META-INF/views/framework/page.jsp'.
at org.apache.tiles.impl.BasicTilesContainer.render(BasicTilesContainer.java:399): ServletException including path '/META-INF/views/framework/page.jsp'.
at org.apache.tiles.request.servlet.ServletUtil.wrapServletException(ServletUtil.java:61): ServletException including path '/META-INF/views/framework/page.jsp'.
at javax.el.BeanELResolver$BeanProperties.get(BeanELResolver.java:260): Property [banner] not found on type [acme.entities.comercialbanner.Comercialbanner]
ERROR [org.apache.catalina.core.ContainerBase.[Tomcat].[localhost].[/acme-jobs].[jsp]] at javax.el.BeanELResolver$BeanProperties.get(BeanELResolver.java:260): Property [banner] not found on type [acme.entities.noncomercialbanner.Noncomercialbanner]
ERROR [org.apache.catalina.core.ContainerBase.[Tomcat].[localhost].[/acme-jobs].[dispatcherServlet]] at javax.el.BeanELResolver$BeanProperties.get(BeanELResolver.java:260): Property [banner] not found on type [acme.entities.noncomercialbanner.Noncomercialbanner]
ERROR [org.apache.jsp.META_002dINF.views.framework.panic_jsp] HTTP GET /acme-jobs/master/panic HTTP/1.1
ERROR [org.apache.jsp.META_002dINF.views.framework.panic_jsp] Status: 500
ERROR [org.apache.jsp.META_002dINF.views.framework.panic_jsp] Exception: org.springframework.web.servlet.FrameworkServlet.processRequest(FrameworkServlet.java:1013): Request processing failed; nested exception is org.apache.tiles.request.render.CannotRenderException: ServletException including path '/META-INF/views/framework/page.jsp'.
org.apache.tiles.impl.BasicTilesContainer.render(BasicTilesContainer.java:399): ServletException including path '/META-INF/views/framework/page.jsp'.
org.apache.tiles.request.servlet.ServletUtil.wrapServletException(ServletUtil.java:61): ServletException including path '/META-INF/views/framework/page.jsp'.
javax.el.BeanELResolver$BeanProperties.get(BeanELResolver.java:260): Property [banner] not found on type [acme.entities.noncomercialbanner.Noncomercialbanner]
ERROR [org.apache.catalina.core.ContainerBase.[Tomcat].[localhost].[/acme-jobs].[jsp]] at javax.el.BeanELResolver$BeanProperties.get(BeanELResolver.java:260): Property [banner] not found on type [acme.entities.noncomercialbanner.Noncomercialbanner]
ERROR [org.apache.catalina.core.ContainerBase.[Tomcat].[localhost].[/acme-jobs].[dispatcherServlet]] at javax.el.BeanELResolver$BeanProperties.get(BeanELResolver.java:260): Property [banner] not found on type [acme.entities.noncomercialbanner.Noncomercialbanner]
ERROR [org.apache.catalina.core.ContainerBase.[Tomcat].[localhost]] at org.springframework.web.servlet.FrameworkServlet.processRequest(FrameworkServlet.java:1013): Request processing failed; nested exception is org.apache.tiles.request.render.CannotRenderException: ServletException including path '/META-INF/views/framework/page.jsp'.
at org.apache.tiles.impl.BasicTilesContainer.render(BasicTilesContainer.java:399): ServletException including path '/META-INF/views/framework/page.jsp'.
at org.apache.tiles.request.servlet.ServletUtil.wrapServletException(ServletUtil.java:61): ServletException including path '/META-INF/views/framework/page.jsp'.
at javax.el.BeanELResolver$BeanProperties.get(BeanELResolver.java:260): Property [banner] not found on type [acme.entities.noncomercialbanner.Noncomercialbanner]
ERROR [org.apache.catalina.core.ContainerBase.[Tomcat].[localhost].[/acme-jobs].[jsp]] at javax.el.BeanELResolver$BeanProperties.get(BeanELResolver.java:260): Property [banner] not found on type [acme.entities.comercialbanner.Comercialbanner]
ERROR [org.apache.catalina.core.ContainerBase.[Tomcat].[localhost].[/acme-jobs].[dispatcherServlet]] at javax.el.BeanELResolver$BeanProperties.get(BeanELResolver.java:260): Property [banner] not found on type [acme.entities.comercialbanner.Comercialbanner]
ERROR [org.apache.jsp.META_002dINF.views.framework.panic_jsp] HTTP GET /acme-jobs/master/panic HTTP/1.1
ERROR [org.apache.jsp.META_002dINF.views.framework.panic_jsp] Status: 500
ERROR [org.apache.jsp.META_002dINF.views.framework.panic_jsp] Exception: org.springframework.web.servlet.FrameworkServlet.processRequest(FrameworkServlet.java:1013): Request processing failed; nested exception is org.apache.tiles.request.render.CannotRenderException: ServletException including path '/META-INF/views/framework/page.jsp'.
org.apache.tiles.impl.BasicTilesContainer.render(BasicTilesContainer.java:399): ServletException including path '/META-INF/views/framework/page.jsp'.
org.apache.tiles.request.servlet.ServletUtil.wrapServletException(ServletUtil.java:61): ServletException including path '/META-INF/views/framework/page.jsp'.
javax.el.BeanELResolver$BeanProperties.get(BeanELResolver.java:260): Property [banner] not found on type [acme.entities.comercialbanner.Comercialbanner]
ERROR [org.apache.catalina.core.ContainerBase.[Tomcat].[localhost].[/acme-jobs].[jsp]] at javax.el.BeanELResolver$BeanProperties.get(BeanELResolver.java:260): Property [banner] not found on type [acme.entities.comercialbanner.Comercialbanner]
ERROR [org.apache.catalina.core.ContainerBase.[Tomcat].[localhost].[/acme-jobs].[dispatcherServlet]] at javax.el.BeanELResolver$BeanProperties.get(BeanELResolver.java:260): Property [banner] not found on type [acme.entities.comercialbanner.Comercialbanner]
ERROR [org.apache.catalina.core.ContainerBase.[Tomcat].[localhost]] at org.springframework.web.servlet.FrameworkServlet.processRequest(FrameworkServlet.java:1013): Request processing failed; nested exception is org.apache.tiles.request.render.CannotRenderException: ServletException including path '/META-INF/views/framework/page.jsp'.
at org.apache.tiles.impl.BasicTilesContainer.render(BasicTilesContainer.java:399): ServletException including path '/META-INF/views/framework/page.jsp'.
at org.apache.tiles.request.servlet.ServletUtil.wrapServletException(ServletUtil.java:61): ServletException including path '/META-INF/views/framework/page.jsp'.
at javax.el.BeanELResolver$BeanProperties.get(BeanELResolver.java:260): Property [banner] not found on type [acme.entities.comercialbanner.Comercialbanner]
ERROR [org.apache.catalina.core.ContainerBase.[Tomcat].[localhost].[/acme-jobs].[jsp]] at javax.el.BeanELResolver$BeanProperties.get(BeanELResolver.java:260): Property [banner] not found on type [acme.entities.noncomercialbanner.Noncomercialbanner]
ERROR [org.apache.catalina.core.ContainerBase.[Tomcat].[localhost].[/acme-jobs].[dispatcherServlet]] at javax.el.BeanELResolver$BeanProperties.get(BeanELResolver.java:260): Property [banner] not found on type [acme.entities.noncomercialbanner.Noncomercialbanner]
ERROR [org.apache.jsp.META_002dINF.views.framework.panic_jsp] HTTP GET /acme-jobs/master/panic HTTP/1.1
ERROR [org.apache.jsp.META_002dINF.views.framework.panic_jsp] Status: 500
ERROR [org.apache.jsp.META_002dINF.views.framework.panic_jsp] Exception: org.springframework.web.servlet.FrameworkServlet.processRequest(FrameworkServlet.java:1013): Request processing failed; nested exception is org.apache.tiles.request.render.CannotRenderException: ServletException including path '/META-INF/views/framework/page.jsp'.
org.apache.tiles.impl.BasicTilesContainer.render(BasicTilesContainer.java:399): ServletException including path '/META-INF/views/framework/page.jsp'.
org.apache.tiles.request.servlet.ServletUtil.wrapServletException(ServletUtil.java:61): ServletException including path '/META-INF/views/framework/page.jsp'.
javax.el.BeanELResolver$BeanProperties.get(BeanELResolver.java:260): Property [banner] not found on type [acme.entities.noncomercialbanner.Noncomercialbanner]
ERROR [org.apache.catalina.core.ContainerBase.[Tomcat].[localhost].[/acme-jobs].[jsp]] at javax.el.BeanELResolver$BeanProperties.get(BeanELResolver.java:260): Property [banner] not found on type [acme.entities.comercialbanner.Comercialbanner]
ERROR [org.apache.catalina.core.ContainerBase.[Tomcat].[localhost].[/acme-jobs].[dispatcherServlet]] at javax.el.BeanELResolver$BeanProperties.get(BeanELResolver.java:260): Property [banner] not found on type [acme.entities.comercialbanner.Comercialbanner]
ERROR [org.apache.catalina.core.ContainerBase.[Tomcat].[localhost]] at org.springframework.web.servlet.FrameworkServlet.processRequest(FrameworkServlet.java:1013): Request processing failed; nested exception is org.apache.tiles.request.render.CannotRenderException: ServletException including path '/META-INF/views/framework/page.jsp'.
at org.apache.tiles.impl.BasicTilesContainer.render(BasicTilesContainer.java:399): ServletException including path '/META-INF/views/framework/page.jsp'.
at org.apache.tiles.request.servlet.ServletUtil.wrapServletException(ServletUtil.java:61): ServletException including path '/META-INF/views/framework/page.jsp'.
at javax.el.BeanELResolver$BeanProperties.get(BeanELResolver.java:260): Property [banner] not found on type [acme.entities.comercialbanner.Comercialbanner]
ERROR [org.apache.catalina.core.ContainerBase.[Tomcat].[localhost].[/acme-jobs].[jsp]] at javax.el.BeanELResolver$BeanProperties.get(BeanELResolver.java:260): Property [banner] not found on type [acme.entities.comercialbanner.Comercialbanner]
ERROR [org.apache.catalina.core.ContainerBase.[Tomcat].[localhost].[/acme-jobs].[dispatcherServlet]] at javax.el.BeanELResolver$BeanProperties.get(BeanELResolver.java:260): Property [banner] not found on type [acme.entities.comercialbanner.Comercialbanner]
ERROR [org.apache.jsp.META_002dINF.views.framework.panic_jsp] HTTP GET /acme-jobs/master/panic HTTP/1.1
ERROR [org.apache.jsp.META_002dINF.views.framework.panic_jsp] Status: 500
ERROR [org.apache.jsp.META_002dINF.views.framework.panic_jsp] Exception: org.springframework.web.servlet.FrameworkServlet.processRequest(FrameworkServlet.java:1013): Request processing failed; nested exception is org.apache.tiles.request.render.CannotRenderException: ServletException including path '/META-INF/views/framework/page.jsp'.
org.apache.tiles.impl.BasicTilesContainer.render(BasicTilesContainer.java:399): ServletException including path '/META-INF/views/framework/page.jsp'.
org.apache.tiles.request.servlet.ServletUtil.wrapServletException(ServletUtil.java:61): ServletException including path '/META-INF/views/framework/page.jsp'.
javax.el.BeanELResolver$BeanProperties.get(BeanELResolver.java:260): Property [banner] not found on type [acme.entities.comercialbanner.Comercialbanner]
ERROR [org.apache.catalina.core.ContainerBase.[Tomcat].[localhost].[/acme-jobs].[jsp]] at javax.el.BeanELResolver$BeanProperties.get(BeanELResolver.java:260): Property [banner] not found on type [acme.entities.comercialbanner.Comercialbanner]
ERROR [org.apache.catalina.core.ContainerBase.[Tomcat].[localhost].[/acme-jobs].[dispatcherServlet]] at javax.el.BeanELResolver$BeanProperties.get(BeanELResolver.java:260): Property [banner] not found on type [acme.entities.comercialbanner.Comercialbanner]
ERROR [org.apache.catalina.core.ContainerBase.[Tomcat].[localhost]] at org.springframework.web.servlet.FrameworkServlet.processRequest(FrameworkServlet.java:1013): Request processing failed; nested exception is org.apache.tiles.request.render.CannotRenderException: ServletException including path '/META-INF/views/framework/page.jsp'.
at org.apache.tiles.impl.BasicTilesContainer.render(BasicTilesContainer.java:399): ServletException including path '/META-INF/views/framework/page.jsp'.
at org.apache.tiles.request.servlet.ServletUtil.wrapServletException(ServletUtil.java:61): ServletException including path '/META-INF/views/framework/page.jsp'.
at javax.el.BeanELResolver$BeanProperties.get(BeanELResolver.java:260): Property [banner] not found on type [acme.entities.comercialbanner.Comercialbanner]
ERROR [org.apache.catalina.core.ContainerBase.[Tomcat].[localhost].[/acme-jobs].[jsp]] at javax.el.BeanELResolver$BeanProperties.get(BeanELResolver.java:260): Property [banner] not found on type [acme.entities.comercialbanner.Comercialbanner]
ERROR [org.apache.catalina.core.ContainerBase.[Tomcat].[localhost].[/acme-jobs].[dispatcherServlet]] at javax.el.BeanELResolver$BeanProperties.get(BeanELResolver.java:260): Property [banner] not found on type [acme.entities.comercialbanner.Comercialbanner]
ERROR [org.apache.jsp.META_002dINF.views.framework.panic_jsp] HTTP GET /acme-jobs/master/panic HTTP/1.1
ERROR [org.apache.jsp.META_002dINF.views.framework.panic_jsp] Status: 500
ERROR [org.apache.jsp.META_002dINF.views.framework.panic_jsp] Exception: org.springframework.web.servlet.FrameworkServlet.processRequest(FrameworkServlet.java:1013): Request processing failed; nested exception is org.apache.tiles.request.render.CannotRenderException: ServletException including path '/META-INF/views/framework/page.jsp'.
org.apache.tiles.impl.BasicTilesContainer.render(BasicTilesContainer.java:399): ServletException including path '/META-INF/views/framework/page.jsp'.
org.apache.tiles.request.servlet.ServletUtil.wrapServletException(ServletUtil.java:61): ServletException including path '/META-INF/views/framework/page.jsp'.
javax.el.BeanELResolver$BeanProperties.get(BeanELResolver.java:260): Property [banner] not found on type [acme.entities.comercialbanner.Comercialbanner]
ERROR [org.apache.catalina.core.ContainerBase.[Tomcat].[localhost].[/acme-jobs].[jsp]] at javax.el.BeanELResolver$BeanProperties.get(BeanELResolver.java:260): Property [banner] not found on type [acme.entities.comercialbanner.Comercialbanner]
ERROR [org.apache.catalina.core.ContainerBase.[Tomcat].[localhost].[/acme-jobs].[dispatcherServlet]] at javax.el.BeanELResolver$BeanProperties.get(BeanELResolver.java:260): Property [banner] not found on type [acme.entities.comercialbanner.Comercialbanner]
ERROR [org.apache.catalina.core.ContainerBase.[Tomcat].[localhost]] at org.springframework.web.servlet.FrameworkServlet.processRequest(FrameworkServlet.java:1013): Request processing failed; nested exception is org.apache.tiles.request.render.CannotRenderException: ServletException including path '/META-INF/views/framework/page.jsp'.
at org.apache.tiles.impl.BasicTilesContainer.render(BasicTilesContainer.java:399): ServletException including path '/META-INF/views/framework/page.jsp'.
at org.apache.tiles.request.servlet.ServletUtil.wrapServletException(ServletUtil.java:61): ServletException including path '/META-INF/views/framework/page.jsp'.
at javax.el.BeanELResolver$BeanProperties.get(BeanELResolver.java:260): Property [banner] not found on type [acme.entities.comercialbanner.Comercialbanner]
ERROR [org.apache.catalina.core.ContainerBase.[Tomcat].[localhost].[/acme-jobs].[jsp]] at javax.el.BeanELResolver$BeanProperties.get(BeanELResolver.java:260): Property [banner] not found on type [acme.entities.comercialbanner.Comercialbanner]
ERROR [org.apache.catalina.core.ContainerBase.[Tomcat].[localhost].[/acme-jobs].[dispatcherServlet]] at javax.el.BeanELResolver$BeanProperties.get(BeanELResolver.java:260): Property [banner] not found on type [acme.entities.comercialbanner.Comercialbanner]
ERROR [org.apache.jsp.META_002dINF.views.framework.panic_jsp] HTTP GET /acme-jobs/master/panic HTTP/1.1
ERROR [org.apache.jsp.META_002dINF.views.framework.panic_jsp] Status: 500
ERROR [org.apache.jsp.META_002dINF.views.framework.panic_jsp] Exception: org.springframework.web.servlet.FrameworkServlet.processRequest(FrameworkServlet.java:1013): Request processing failed; nested exception is org.apache.tiles.request.render.CannotRenderException: ServletException including path '/META-INF/views/framework/page.jsp'.
org.apache.tiles.impl.BasicTilesContainer.render(BasicTilesContainer.java:399): ServletException including path '/META-INF/views/framework/page.jsp'.
org.apache.tiles.request.servlet.ServletUtil.wrapServletException(ServletUtil.java:61): ServletException including path '/META-INF/views/framework/page.jsp'.
javax.el.BeanELResolver$BeanProperties.get(BeanELResolver.java:260): Property [banner] not found on type [acme.entities.comercialbanner.Comercialbanner]
ERROR [org.apache.catalina.core.ContainerBase.[Tomcat].[localhost].[/acme-jobs].[jsp]] at javax.el.BeanELResolver$BeanProperties.get(BeanELResolver.java:260): Property [banner] not found on type [acme.entities.comercialbanner.Comercialbanner]
ERROR [org.apache.catalina.core.ContainerBase.[Tomcat].[localhost].[/acme-jobs].[dispatcherServlet]] at javax.el.BeanELResolver$BeanProperties.get(BeanELResolver.java:260): Property [banner] not found on type [acme.entities.comercialbanner.Comercialbanner]
ERROR [org.apache.catalina.core.ContainerBase.[Tomcat].[localhost]] at org.springframework.web.servlet.FrameworkServlet.processRequest(FrameworkServlet.java:1013): Request processing failed; nested exception is org.apache.tiles.request.render.CannotRenderException: ServletException including path '/META-INF/views/framework/page.jsp'.
at org.apache.tiles.impl.BasicTilesContainer.render(BasicTilesContainer.java:399): ServletException including path '/META-INF/views/framework/page.jsp'.
at org.apache.tiles.request.servlet.ServletUtil.wrapServletException(ServletUtil.java:61): ServletException including path '/META-INF/views/framework/page.jsp'.
at javax.el.BeanELResolver$BeanProperties.get(BeanELResolver.java:260): Property [banner] not found on type [acme.entities.comercialbanner.Comercialbanner]
ERROR [org.apache.catalina.core.ContainerBase.[Tomcat].[localhost].[/acme-jobs].[jsp]] at javax.el.BeanELResolver$BeanProperties.get(BeanELResolver.java:260): Property [banner] not found on type [acme.entities.comercialbanner.Comercialbanner]
ERROR [org.apache.catalina.core.ContainerBase.[Tomcat].[localhost].[/acme-jobs].[dispatcherServlet]] at javax.el.BeanELResolver$BeanProperties.get(BeanELResolver.java:260): Property [banner] not found on type [acme.entities.comercialbanner.Comercialbanner]
ERROR [org.apache.jsp.META_002dINF.views.framework.panic_jsp] HTTP GET /acme-jobs/master/panic HTTP/1.1
ERROR [org.apache.jsp.META_002dINF.views.framework.panic_jsp] Status: 500
ERROR [org.apache.jsp.META_002dINF.views.framework.panic_jsp] Exception: org.springframework.web.servlet.FrameworkServlet.processRequest(FrameworkServlet.java:1013): Request processing failed; nested exception is org.apache.tiles.request.render.CannotRenderException: ServletException including path '/META-INF/views/framework/page.jsp'.
org.apache.tiles.impl.BasicTilesContainer.render(BasicTilesContainer.java:399): ServletException including path '/META-INF/views/framework/page.jsp'.
org.apache.tiles.request.servlet.ServletUtil.wrapServletException(ServletUtil.java:61): ServletException including path '/META-INF/views/framework/page.jsp'.
javax.el.BeanELResolver$BeanProperties.get(BeanELResolver.java:260): Property [banner] not found on type [acme.entities.comercialbanner.Comercialbanner]
ERROR [org.apache.catalina.core.ContainerBase.[Tomcat].[localhost].[/acme-jobs].[jsp]] at javax.el.BeanELResolver$BeanProperties.get(BeanELResolver.java:260): Property [banner] not found on type [acme.entities.noncomercialbanner.Noncomercialbanner]
ERROR [org.apache.catalina.core.ContainerBase.[Tomcat].[localhost].[/acme-jobs].[dispatcherServlet]] at javax.el.BeanELResolver$BeanProperties.get(BeanELResolver.java:260): Property [banner] not found on type [acme.entities.noncomercialbanner.Noncomercialbanner]
ERROR [org.apache.catalina.core.ContainerBase.[Tomcat].[localhost]] at org.springframework.web.servlet.FrameworkServlet.processRequest(FrameworkServlet.java:1013): Request processing failed; nested exception is org.apache.tiles.request.render.CannotRenderException: ServletException including path '/META-INF/views/framework/page.jsp'.
at org.apache.tiles.impl.BasicTilesContainer.render(BasicTilesContainer.java:399): ServletException including path '/META-INF/views/framework/page.jsp'.
at org.apache.tiles.request.servlet.ServletUtil.wrapServletException(ServletUtil.java:61): ServletException including path '/META-INF/views/framework/page.jsp'.
at javax.el.BeanELResolver$BeanProperties.get(BeanELResolver.java:260): Property [banner] not found on type [acme.entities.noncomercialbanner.Noncomercialbanner]
ERROR [org.apache.catalina.core.ContainerBase.[Tomcat].[localhost].[/acme-jobs].[jsp]] at javax.el.BeanELResolver$BeanProperties.get(BeanELResolver.java:260): Property [banner] not found on type [acme.entities.noncomercialbanner.Noncomercialbanner]
ERROR [org.apache.catalina.core.ContainerBase.[Tomcat].[localhost].[/acme-jobs].[dispatcherServlet]] at javax.el.BeanELResolver$BeanProperties.get(BeanELResolver.java:260): Property [banner] not found on type [acme.entities.noncomercialbanner.Noncomercialbanner]
ERROR [org.apache.jsp.META_002dINF.views.framework.panic_jsp] HTTP GET /acme-jobs/master/panic HTTP/1.1
ERROR [org.apache.jsp.META_002dINF.views.framework.panic_jsp] Status: 500
ERROR [org.apache.jsp.META_002dINF.views.framework.panic_jsp] Exception: org.springframework.web.servlet.FrameworkServlet.processRequest(FrameworkServlet.java:1013): Request processing failed; nested exception is org.apache.tiles.request.render.CannotRenderException: ServletException including path '/META-INF/views/framework/page.jsp'.
org.apache.tiles.impl.BasicTilesContainer.render(BasicTilesContainer.java:399): ServletException including path '/META-INF/views/framework/page.jsp'.
org.apache.tiles.request.servlet.ServletUtil.wrapServletException(ServletUtil.java:61): ServletException including path '/META-INF/views/framework/page.jsp'.
javax.el.BeanELResolver$BeanProperties.get(BeanELResolver.java:260): Property [banner] not found on type [acme.entities.noncomercialbanner.Noncomercialbanner]
ERROR [org.apache.catalina.core.ContainerBase.[Tomcat].[localhost].[/acme-jobs].[jsp]] at javax.el.BeanELResolver$BeanProperties.get(BeanELResolver.java:260): Property [banner] not found on type [acme.entities.comercialbanner.Comercialbanner]
ERROR [org.apache.catalina.core.ContainerBase.[Tomcat].[localhost].[/acme-jobs].[dispatcherServlet]] at javax.el.BeanELResolver$BeanProperties.get(BeanELResolver.java:260): Property [banner] not found on type [acme.entities.comercialbanner.Comercialbanner]
ERROR [org.apache.catalina.core.ContainerBase.[Tomcat].[localhost]] at org.springframework.web.servlet.FrameworkServlet.processRequest(FrameworkServlet.java:1013): Request processing failed; nested exception is org.apache.tiles.request.render.CannotRenderException: ServletException including path '/META-INF/views/framework/page.jsp'.
at org.apache.tiles.impl.BasicTilesContainer.render(BasicTilesContainer.java:399): ServletException including path '/META-INF/views/framework/page.jsp'.
at org.apache.tiles.request.servlet.ServletUtil.wrapServletException(ServletUtil.java:61): ServletException including path '/META-INF/views/framework/page.jsp'.
at javax.el.BeanELResolver$BeanProperties.get(BeanELResolver.java:260): Property [banner] not found on type [acme.entities.comercialbanner.Comercialbanner]
ERROR [org.apache.catalina.core.ContainerBase.[Tomcat].[localhost].[/acme-jobs].[jsp]] at javax.el.BeanELResolver$BeanProperties.get(BeanELResolver.java:260): Property [banner] not found on type [acme.entities.noncomercialbanner.Noncomercialbanner]
ERROR [org.apache.catalina.core.ContainerBase.[Tomcat].[localhost].[/acme-jobs].[dispatcherServlet]] at javax.el.BeanELResolver$BeanProperties.get(BeanELResolver.java:260): Property [banner] not found on type [acme.entities.noncomercialbanner.Noncomercialbanner]
ERROR [org.apache.jsp.META_002dINF.views.framework.panic_jsp] HTTP GET /acme-jobs/master/panic HTTP/1.1
ERROR [org.apache.jsp.META_002dINF.views.framework.panic_jsp] Status: 500
ERROR [org.apache.jsp.META_002dINF.views.framework.panic_jsp] Exception: org.springframework.web.servlet.FrameworkServlet.processRequest(FrameworkServlet.java:1013): Request processing failed; nested exception is org.apache.tiles.request.render.CannotRenderException: ServletException including path '/META-INF/views/framework/page.jsp'.
org.apache.tiles.impl.BasicTilesContainer.render(BasicTilesContainer.java:399): ServletException including path '/META-INF/views/framework/page.jsp'.
org.apache.tiles.request.servlet.ServletUtil.wrapServletException(ServletUtil.java:61): ServletException including path '/META-INF/views/framework/page.jsp'.
javax.el.BeanELResolver$BeanProperties.get(BeanELResolver.java:260): Property [banner] not found on type [acme.entities.noncomercialbanner.Noncomercialbanner]
ERROR [org.apache.catalina.core.ContainerBase.[Tomcat].[localhost].[/acme-jobs].[jsp]] at javax.el.BeanELResolver$BeanProperties.get(BeanELResolver.java:260): Property [banner] not found on type [acme.entities.comercialbanner.Comercialbanner]
ERROR [org.apache.catalina.core.ContainerBase.[Tomcat].[localhost].[/acme-jobs].[dispatcherServlet]] at javax.el.BeanELResolver$BeanProperties.get(BeanELResolver.java:260): Property [banner] not found on type [acme.entities.comercialbanner.Comercialbanner]
ERROR [org.apache.catalina.core.ContainerBase.[Tomcat].[localhost]] at org.springframework.web.servlet.FrameworkServlet.processRequest(FrameworkServlet.java:1013): Request processing failed; nested exception is org.apache.tiles.request.render.CannotRenderException: ServletException including path '/META-INF/views/framework/page.jsp'.
at org.apache.tiles.impl.BasicTilesContainer.render(BasicTilesContainer.java:399): ServletException including path '/META-INF/views/framework/page.jsp'.
at org.apache.tiles.request.servlet.ServletUtil.wrapServletException(ServletUtil.java:61): ServletException including path '/META-INF/views/framework/page.jsp'.
at javax.el.BeanELResolver$BeanProperties.get(BeanELResolver.java:260): Property [banner] not found on type [acme.entities.comercialbanner.Comercialbanner]
ERROR [org.apache.catalina.core.ContainerBase.[Tomcat].[localhost].[/acme-jobs].[jsp]] at javax.el.BeanELResolver$BeanProperties.get(BeanELResolver.java:260): Property [banner] not found on type [acme.entities.comercialbanner.Comercialbanner]
ERROR [org.apache.catalina.core.ContainerBase.[Tomcat].[localhost].[/acme-jobs].[dispatcherServlet]] at javax.el.BeanELResolver$BeanProperties.get(BeanELResolver.java:260): Property [banner] not found on type [acme.entities.comercialbanner.Comercialbanner]
ERROR [org.apache.jsp.META_002dINF.views.framework.panic_jsp] HTTP GET /acme-jobs/master/panic HTTP/1.1
ERROR [org.apache.jsp.META_002dINF.views.framework.panic_jsp] Status: 500
ERROR [org.apache.jsp.META_002dINF.views.framework.panic_jsp] Exception: org.springframework.web.servlet.FrameworkServlet.processRequest(FrameworkServlet.java:1013): Request processing failed; nested exception is org.apache.tiles.request.render.CannotRenderException: ServletException including path '/META-INF/views/framework/page.jsp'.
org.apache.tiles.impl.BasicTilesContainer.render(BasicTilesContainer.java:399): ServletException including path '/META-INF/views/framework/page.jsp'.
org.apache.tiles.request.servlet.ServletUtil.wrapServletException(ServletUtil.java:61): ServletException including path '/META-INF/views/framework/page.jsp'.
javax.el.BeanELResolver$BeanProperties.get(BeanELResolver.java:260): Property [banner] not found on type [acme.entities.comercialbanner.Comercialbanner]
ERROR [org.apache.catalina.core.ContainerBase.[Tomcat].[localhost].[/acme-jobs].[jsp]] at javax.el.BeanELResolver$BeanProperties.get(BeanELResolver.java:260): Property [banner] not found on type [acme.entities.comercialbanner.Comercialbanner]
ERROR [org.apache.catalina.core.ContainerBase.[Tomcat].[localhost].[/acme-jobs].[dispatcherServlet]] at javax.el.BeanELResolver$BeanProperties.get(BeanELResolver.java:260): Property [banner] not found on type [acme.entities.comercialbanner.Comercialbanner]
ERROR [org.apache.catalina.core.ContainerBase.[Tomcat].[localhost]] at org.springframework.web.servlet.FrameworkServlet.processRequest(FrameworkServlet.java:1013): Request processing failed; nested exception is org.apache.tiles.request.render.CannotRenderException: ServletException including path '/META-INF/views/framework/page.jsp'.
at org.apache.tiles.impl.BasicTilesContainer.render(BasicTilesContainer.java:399): ServletException including path '/META-INF/views/framework/page.jsp'.
at org.apache.tiles.request.servlet.ServletUtil.wrapServletException(ServletUtil.java:61): ServletException including path '/META-INF/views/framework/page.jsp'.
at javax.el.BeanELResolver$BeanProperties.get(BeanELResolver.java:260): Property [banner] not found on type [acme.entities.comercialbanner.Comercialbanner]
ERROR [org.apache.catalina.core.ContainerBase.[Tomcat].[localhost].[/acme-jobs].[jsp]] at javax.el.BeanELResolver$BeanProperties.get(BeanELResolver.java:260): Property [banner] not found on type [acme.entities.comercialbanner.Comercialbanner]
ERROR [org.apache.catalina.core.ContainerBase.[Tomcat].[localhost].[/acme-jobs].[dispatcherServlet]] at javax.el.BeanELResolver$BeanProperties.get(BeanELResolver.java:260): Property [banner] not found on type [acme.entities.comercialbanner.Comercialbanner]
ERROR [org.apache.jsp.META_002dINF.views.framework.panic_jsp] HTTP GET /acme-jobs/master/panic HTTP/1.1
ERROR [org.apache.jsp.META_002dINF.views.framework.panic_jsp] Status: 500
ERROR [org.apache.jsp.META_002dINF.views.framework.panic_jsp] Exception: org.springframework.web.servlet.FrameworkServlet.processRequest(FrameworkServlet.java:1013): Request processing failed; nested exception is org.apache.tiles.request.render.CannotRenderException: ServletException including path '/META-INF/views/framework/page.jsp'.
org.apache.tiles.impl.BasicTilesContainer.render(BasicTilesContainer.java:399): ServletException including path '/META-INF/views/framework/page.jsp'.
org.apache.tiles.request.servlet.ServletUtil.wrapServletException(ServletUtil.java:61): ServletException including path '/META-INF/views/framework/page.jsp'.
javax.el.BeanELResolver$BeanProperties.get(BeanELResolver.java:260): Property [banner] not found on type [acme.entities.comercialbanner.Comercialbanner]
ERROR [org.apache.catalina.core.ContainerBase.[Tomcat].[localhost].[/acme-jobs].[jsp]] at javax.el.BeanELResolver$BeanProperties.get(BeanELResolver.java:260): Property [banner] not found on type [acme.entities.comercialbanner.Comercialbanner]
ERROR [org.apache.catalina.core.ContainerBase.[Tomcat].[localhost].[/acme-jobs].[dispatcherServlet]] at javax.el.BeanELResolver$BeanProperties.get(BeanELResolver.java:260): Property [banner] not found on type [acme.entities.comercialbanner.Comercialbanner]
ERROR [org.apache.catalina.core.ContainerBase.[Tomcat].[localhost]] at org.springframework.web.servlet.FrameworkServlet.processRequest(FrameworkServlet.java:1013): Request processing failed; nested exception is org.apache.tiles.request.render.CannotRenderException: ServletException including path '/META-INF/views/framework/page.jsp'.
at org.apache.tiles.impl.BasicTilesContainer.render(BasicTilesContainer.java:399): ServletException including path '/META-INF/views/framework/page.jsp'.
at org.apache.tiles.request.servlet.ServletUtil.wrapServletException(ServletUtil.java:61): ServletException including path '/META-INF/views/framework/page.jsp'.
at javax.el.BeanELResolver$BeanProperties.get(BeanELResolver.java:260): Property [banner] not found on type [acme.entities.comercialbanner.Comercialbanner]
ERROR [org.apache.catalina.core.ContainerBase.[Tomcat].[localhost].[/acme-jobs].[jsp]] at javax.el.BeanELResolver$BeanProperties.get(BeanELResolver.java:260): Property [banner] not found on type [acme.entities.comercialbanner.Comercialbanner]
ERROR [org.apache.catalina.core.ContainerBase.[Tomcat].[localhost].[/acme-jobs].[dispatcherServlet]] at javax.el.BeanELResolver$BeanProperties.get(BeanELResolver.java:260): Property [banner] not found on type [acme.entities.comercialbanner.Comercialbanner]
ERROR [org.apache.jsp.META_002dINF.views.framework.panic_jsp] HTTP GET /acme-jobs/master/panic HTTP/1.1
ERROR [org.apache.jsp.META_002dINF.views.framework.panic_jsp] Status: 500
ERROR [org.apache.jsp.META_002dINF.views.framework.panic_jsp] Exception: org.springframework.web.servlet.FrameworkServlet.processRequest(FrameworkServlet.java:1013): Request processing failed; nested exception is org.apache.tiles.request.render.CannotRenderException: ServletException including path '/META-INF/views/framework/page.jsp'.
org.apache.tiles.impl.BasicTilesContainer.render(BasicTilesContainer.java:399): ServletException including path '/META-INF/views/framework/page.jsp'.
org.apache.tiles.request.servlet.ServletUtil.wrapServletException(ServletUtil.java:61): ServletException including path '/META-INF/views/framework/page.jsp'.
javax.el.BeanELResolver$BeanProperties.get(BeanELResolver.java:260): Property [banner] not found on type [acme.entities.comercialbanner.Comercialbanner]
ERROR [org.apache.catalina.core.ContainerBase.[Tomcat].[localhost].[/acme-jobs].[jsp]] at javax.el.BeanELResolver$BeanProperties.get(BeanELResolver.java:260): Property [banner] not found on type [acme.entities.comercialbanner.Comercialbanner]
ERROR [org.apache.catalina.core.ContainerBase.[Tomcat].[localhost].[/acme-jobs].[dispatcherServlet]] at javax.el.BeanELResolver$BeanProperties.get(BeanELResolver.java:260): Property [banner] not found on type [acme.entities.comercialbanner.Comercialbanner]
ERROR [org.apache.catalina.core.ContainerBase.[Tomcat].[localhost]] at org.springframework.web.servlet.FrameworkServlet.processRequest(FrameworkServlet.java:1013): Request processing failed; nested exception is org.apache.tiles.request.render.CannotRenderException: ServletException including path '/META-INF/views/framework/page.jsp'.
at org.apache.tiles.impl.BasicTilesContainer.render(BasicTilesContainer.java:399): ServletException including path '/META-INF/views/framework/page.jsp'.
at org.apache.tiles.request.servlet.ServletUtil.wrapServletException(ServletUtil.java:61): ServletException including path '/META-INF/views/framework/page.jsp'.
at javax.el.BeanELResolver$BeanProperties.get(BeanELResolver.java:260): Property [banner] not found on type [acme.entities.comercialbanner.Comercialbanner]
ERROR [org.apache.catalina.core.ContainerBase.[Tomcat].[localhost].[/acme-jobs].[jsp]] at javax.el.BeanELResolver$BeanProperties.get(BeanELResolver.java:260): Property [banner] not found on type [acme.entities.comercialbanner.Comercialbanner]
ERROR [org.apache.catalina.core.ContainerBase.[Tomcat].[localhost].[/acme-jobs].[dispatcherServlet]] at javax.el.BeanELResolver$BeanProperties.get(BeanELResolver.java:260): Property [banner] not found on type [acme.entities.comercialbanner.Comercialbanner]
ERROR [org.apache.jsp.META_002dINF.views.framework.panic_jsp] HTTP GET /acme-jobs/administrator/dashboard/show HTTP/1.1
ERROR [org.apache.jsp.META_002dINF.views.framework.panic_jsp] Status: 200
ERROR [org.apache.jsp.META_002dINF.views.framework.panic_jsp] Exception: org.springframework.web.servlet.FrameworkServlet.processRequest(FrameworkServlet.java:1013): Request processing failed; nested exception is org.apache.tiles.request.render.CannotRenderException: ServletException including path '/META-INF/views/framework/page.jsp'.
org.apache.tiles.impl.BasicTilesContainer.render(BasicTilesContainer.java:399): ServletException including path '/META-INF/views/framework/page.jsp'.
org.apache.tiles.request.servlet.ServletUtil.wrapServletException(ServletUtil.java:61): ServletException including path '/META-INF/views/framework/page.jsp'.
javax.el.BeanELResolver$BeanProperties.get(BeanELResolver.java:260): Property [banner] not found on type [acme.entities.comercialbanner.Comercialbanner]
ERROR [org.apache.catalina.core.ContainerBase.[Tomcat].[localhost].[/acme-jobs].[jsp]] at javax.el.BeanELResolver$BeanProperties.get(BeanELResolver.java:260): Property [banner] not found on type [acme.entities.noncomercialbanner.Noncomercialbanner]
ERROR [org.apache.catalina.core.ContainerBase.[Tomcat].[localhost].[/acme-jobs].[dispatcherServlet]] at javax.el.BeanELResolver$BeanProperties.get(BeanELResolver.java:260): Property [banner] not found on type [acme.entities.noncomercialbanner.Noncomercialbanner]
ERROR [org.apache.catalina.core.ContainerBase.[Tomcat].[localhost]] at org.springframework.web.servlet.FrameworkServlet.processRequest(FrameworkServlet.java:1013): Request processing failed; nested exception is org.apache.tiles.request.render.CannotRenderException: ServletException including path '/META-INF/views/framework/page.jsp'.
at org.apache.tiles.impl.BasicTilesContainer.render(BasicTilesContainer.java:399): ServletException including path '/META-INF/views/framework/page.jsp'.
at org.apache.tiles.request.servlet.ServletUtil.wrapServletException(ServletUtil.java:61): ServletException including path '/META-INF/views/framework/page.jsp'.
at javax.el.BeanELResolver$BeanProperties.get(BeanELResolver.java:260): Property [banner] not found on type [acme.entities.noncomercialbanner.Noncomercialbanner]
ERROR [org.apache.catalina.core.ContainerBase.[Tomcat].[localhost].[/acme-jobs].[jsp]] at javax.el.BeanELResolver$BeanProperties.get(BeanELResolver.java:260): Property [banner] not found on type [acme.entities.comercialbanner.Comercialbanner]
ERROR [org.apache.catalina.core.ContainerBase.[Tomcat].[localhost].[/acme-jobs].[dispatcherServlet]] at javax.el.BeanELResolver$BeanProperties.get(BeanELResolver.java:260): Property [banner] not found on type [acme.entities.comercialbanner.Comercialbanner]
ERROR [org.apache.jsp.META_002dINF.views.framework.panic_jsp] HTTP GET /acme-jobs/master/panic HTTP/1.1
ERROR [org.apache.jsp.META_002dINF.views.framework.panic_jsp] Status: 500
ERROR [org.apache.jsp.META_002dINF.views.framework.panic_jsp] Exception: org.springframework.web.servlet.FrameworkServlet.processRequest(FrameworkServlet.java:1013): Request processing failed; nested exception is org.apache.tiles.request.render.CannotRenderException: ServletException including path '/META-INF/views/framework/page.jsp'.
org.apache.tiles.impl.BasicTilesContainer.render(BasicTilesContainer.java:399): ServletException including path '/META-INF/views/framework/page.jsp'.
org.apache.tiles.request.servlet.ServletUtil.wrapServletException(ServletUtil.java:61): ServletException including path '/META-INF/views/framework/page.jsp'.
javax.el.BeanELResolver$BeanProperties.get(BeanELResolver.java:260): Property [banner] not found on type [acme.entities.comercialbanner.Comercialbanner]
ERROR [org.apache.catalina.core.ContainerBase.[Tomcat].[localhost].[/acme-jobs].[jsp]] at javax.el.BeanELResolver$BeanProperties.get(BeanELResolver.java:260): Property [banner] not found on type [acme.entities.noncomercialbanner.Noncomercialbanner]
ERROR [org.apache.catalina.core.ContainerBase.[Tomcat].[localhost].[/acme-jobs].[dispatcherServlet]] at javax.el.BeanELResolver$BeanProperties.get(BeanELResolver.java:260): Property [banner] not found on type [acme.entities.noncomercialbanner.Noncomercialbanner]
ERROR [org.apache.catalina.core.ContainerBase.[Tomcat].[localhost]] at org.springframework.web.servlet.FrameworkServlet.processRequest(FrameworkServlet.java:1013): Request processing failed; nested exception is org.apache.tiles.request.render.CannotRenderException: ServletException including path '/META-INF/views/framework/page.jsp'.
at org.apache.tiles.impl.BasicTilesContainer.render(BasicTilesContainer.java:399): ServletException including path '/META-INF/views/framework/page.jsp'.
at org.apache.tiles.request.servlet.ServletUtil.wrapServletException(ServletUtil.java:61): ServletException including path '/META-INF/views/framework/page.jsp'.
at javax.el.BeanELResolver$BeanProperties.get(BeanELResolver.java:260): Property [banner] not found on type [acme.entities.noncomercialbanner.Noncomercialbanner]
ERROR [org.apache.catalina.core.ContainerBase.[Tomcat].[localhost].[/acme-jobs].[jsp]] at javax.el.BeanELResolver$BeanProperties.get(BeanELResolver.java:260): Property [banner] not found on type [acme.entities.comercialbanner.Comercialbanner]
ERROR [org.apache.catalina.core.ContainerBase.[Tomcat].[localhost].[/acme-jobs].[dispatcherServlet]] at javax.el.BeanELResolver$BeanProperties.get(BeanELResolver.java:260): Property [banner] not found on type [acme.entities.comercialbanner.Comercialbanner]
ERROR [org.apache.jsp.META_002dINF.views.framework.panic_jsp] HTTP GET /acme-jobs/master/panic HTTP/1.1
ERROR [org.apache.jsp.META_002dINF.views.framework.panic_jsp] Status: 500
ERROR [org.apache.jsp.META_002dINF.views.framework.panic_jsp] Exception: org.springframework.web.servlet.FrameworkServlet.processRequest(FrameworkServlet.java:1013): Request processing failed; nested exception is org.apache.tiles.request.render.CannotRenderException: ServletException including path '/META-INF/views/framework/page.jsp'.
org.apache.tiles.impl.BasicTilesContainer.render(BasicTilesContainer.java:399): ServletException including path '/META-INF/views/framework/page.jsp'.
org.apache.tiles.request.servlet.ServletUtil.wrapServletException(ServletUtil.java:61): ServletException including path '/META-INF/views/framework/page.jsp'.
javax.el.BeanELResolver$BeanProperties.get(BeanELResolver.java:260): Property [banner] not found on type [acme.entities.comercialbanner.Comercialbanner]
ERROR [org.apache.catalina.core.ContainerBase.[Tomcat].[localhost].[/acme-jobs].[jsp]] at javax.el.BeanELResolver$BeanProperties.get(BeanELResolver.java:260): Property [banner] not found on type [acme.entities.noncomercialbanner.Noncomercialbanner]
ERROR [org.apache.catalina.core.ContainerBase.[Tomcat].[localhost].[/acme-jobs].[dispatcherServlet]] at javax.el.BeanELResolver$BeanProperties.get(BeanELResolver.java:260): Property [banner] not found on type [acme.entities.noncomercialbanner.Noncomercialbanner]
ERROR [org.apache.catalina.core.ContainerBase.[Tomcat].[localhost]] at org.springframework.web.servlet.FrameworkServlet.processRequest(FrameworkServlet.java:1013): Request processing failed; nested exception is org.apache.tiles.request.render.CannotRenderException: ServletException including path '/META-INF/views/framework/page.jsp'.
at org.apache.tiles.impl.BasicTilesContainer.render(BasicTilesContainer.java:399): ServletException including path '/META-INF/views/framework/page.jsp'.
at org.apache.tiles.request.servlet.ServletUtil.wrapServletException(ServletUtil.java:61): ServletException including path '/META-INF/views/framework/page.jsp'.
at javax.el.BeanELResolver$BeanProperties.get(BeanELResolver.java:260): Property [banner] not found on type [acme.entities.noncomercialbanner.Noncomercialbanner]
ERROR [org.apache.catalina.core.ContainerBase.[Tomcat].[localhost].[/acme-jobs].[jsp]] at javax.el.BeanELResolver$BeanProperties.get(BeanELResolver.java:260): Property [banner] not found on type [acme.entities.comercialbanner.Comercialbanner]
ERROR [org.apache.catalina.core.ContainerBase.[Tomcat].[localhost].[/acme-jobs].[dispatcherServlet]] at javax.el.BeanELResolver$BeanProperties.get(BeanELResolver.java:260): Property [banner] not found on type [acme.entities.comercialbanner.Comercialbanner]
ERROR [org.apache.jsp.META_002dINF.views.framework.panic_jsp] HTTP GET /acme-jobs/master/panic HTTP/1.1
ERROR [org.apache.jsp.META_002dINF.views.framework.panic_jsp] Status: 500
ERROR [org.apache.jsp.META_002dINF.views.framework.panic_jsp] Exception: org.springframework.web.servlet.FrameworkServlet.processRequest(FrameworkServlet.java:1013): Request processing failed; nested exception is org.apache.tiles.request.render.CannotRenderException: ServletException including path '/META-INF/views/framework/page.jsp'.
org.apache.tiles.impl.BasicTilesContainer.render(BasicTilesContainer.java:399): ServletException including path '/META-INF/views/framework/page.jsp'.
org.apache.tiles.request.servlet.ServletUtil.wrapServletException(ServletUtil.java:61): ServletException including path '/META-INF/views/framework/page.jsp'.
javax.el.BeanELResolver$BeanProperties.get(BeanELResolver.java:260): Property [banner] not found on type [acme.entities.comercialbanner.Comercialbanner]
ERROR [org.apache.catalina.core.ContainerBase.[Tomcat].[localhost].[/acme-jobs].[jsp]] at javax.el.BeanELResolver$BeanProperties.get(BeanELResolver.java:260): Property [banner] not found on type [acme.entities.comercialbanner.Comercialbanner]
ERROR [org.apache.catalina.core.ContainerBase.[Tomcat].[localhost].[/acme-jobs].[dispatcherServlet]] at javax.el.BeanELResolver$BeanProperties.get(BeanELResolver.java:260): Property [banner] not found on type [acme.entities.comercialbanner.Comercialbanner]
ERROR [org.apache.catalina.core.ContainerBase.[Tomcat].[localhost]] at org.springframework.web.servlet.FrameworkServlet.processRequest(FrameworkServlet.java:1013): Request processing failed; nested exception is org.apache.tiles.request.render.CannotRenderException: ServletException including path '/META-INF/views/framework/page.jsp'.
at org.apache.tiles.impl.BasicTilesContainer.render(BasicTilesContainer.java:399): ServletException including path '/META-INF/views/framework/page.jsp'.
at org.apache.tiles.request.servlet.ServletUtil.wrapServletException(ServletUtil.java:61): ServletException including path '/META-INF/views/framework/page.jsp'.
at javax.el.BeanELResolver$BeanProperties.get(BeanELResolver.java:260): Property [banner] not found on type [acme.entities.comercialbanner.Comercialbanner]
ERROR [org.apache.catalina.core.ContainerBase.[Tomcat].[localhost].[/acme-jobs].[jsp]] at javax.el.BeanELResolver$BeanProperties.get(BeanELResolver.java:260): Property [banner] not found on type [acme.entities.noncomercialbanner.Noncomercialbanner]
ERROR [org.apache.catalina.core.ContainerBase.[Tomcat].[localhost].[/acme-jobs].[dispatcherServlet]] at javax.el.BeanELResolver$BeanProperties.get(BeanELResolver.java:260): Property [banner] not found on type [acme.entities.noncomercialbanner.Noncomercialbanner]
ERROR [org.apache.jsp.META_002dINF.views.framework.panic_jsp] HTTP GET /acme-jobs/master/panic HTTP/1.1
ERROR [org.apache.jsp.META_002dINF.views.framework.panic_jsp] Status: 500
ERROR [org.apache.jsp.META_002dINF.views.framework.panic_jsp] Exception: org.springframework.web.servlet.FrameworkServlet.processRequest(FrameworkServlet.java:1013): Request processing failed; nested exception is org.apache.tiles.request.render.CannotRenderException: ServletException including path '/META-INF/views/framework/page.jsp'.
org.apache.tiles.impl.BasicTilesContainer.render(BasicTilesContainer.java:399): ServletException including path '/META-INF/views/framework/page.jsp'.
org.apache.tiles.request.servlet.ServletUtil.wrapServletException(ServletUtil.java:61): ServletException including path '/META-INF/views/framework/page.jsp'.
javax.el.BeanELResolver$BeanProperties.get(BeanELResolver.java:260): Property [banner] not found on type [acme.entities.noncomercialbanner.Noncomercialbanner]
ERROR [org.apache.catalina.core.ContainerBase.[Tomcat].[localhost].[/acme-jobs].[jsp]] at javax.el.BeanELResolver$BeanProperties.get(BeanELResolver.java:260): Property [banner] not found on type [acme.entities.comercialbanner.Comercialbanner]
ERROR [org.apache.catalina.core.ContainerBase.[Tomcat].[localhost].[/acme-jobs].[dispatcherServlet]] at javax.el.BeanELResolver$BeanProperties.get(BeanELResolver.java:260): Property [banner] not found on type [acme.entities.comercialbanner.Comercialbanner]
ERROR [org.apache.catalina.core.ContainerBase.[Tomcat].[localhost]] at org.springframework.web.servlet.FrameworkServlet.processRequest(FrameworkServlet.java:1013): Request processing failed; nested exception is org.apache.tiles.request.render.CannotRenderException: ServletException including path '/META-INF/views/framework/page.jsp'.
at org.apache.tiles.impl.BasicTilesContainer.render(BasicTilesContainer.java:399): ServletException including path '/META-INF/views/framework/page.jsp'.
at org.apache.tiles.request.servlet.ServletUtil.wrapServletException(ServletUtil.java:61): ServletException including path '/META-INF/views/framework/page.jsp'.
at javax.el.BeanELResolver$BeanProperties.get(BeanELResolver.java:260): Property [banner] not found on type [acme.entities.comercialbanner.Comercialbanner]
ERROR [org.apache.catalina.core.ContainerBase.[Tomcat].[localhost].[/acme-jobs].[jsp]] at javax.el.BeanELResolver$BeanProperties.get(BeanELResolver.java:260): Property [banner] not found on type [acme.entities.comercialbanner.Comercialbanner]
ERROR [org.apache.catalina.core.ContainerBase.[Tomcat].[localhost].[/acme-jobs].[dispatcherServlet]] at javax.el.BeanELResolver$BeanProperties.get(BeanELResolver.java:260): Property [banner] not found on type [acme.entities.comercialbanner.Comercialbanner]
ERROR [org.apache.jsp.META_002dINF.views.framework.panic_jsp] HTTP GET /acme-jobs/master/panic HTTP/1.1
ERROR [org.apache.jsp.META_002dINF.views.framework.panic_jsp] Status: 500
ERROR [org.apache.jsp.META_002dINF.views.framework.panic_jsp] Exception: org.springframework.web.servlet.FrameworkServlet.processRequest(FrameworkServlet.java:1013): Request processing failed; nested exception is org.apache.tiles.request.render.CannotRenderException: ServletException including path '/META-INF/views/framework/page.jsp'.
org.apache.tiles.impl.BasicTilesContainer.render(BasicTilesContainer.java:399): ServletException including path '/META-INF/views/framework/page.jsp'.
org.apache.tiles.request.servlet.ServletUtil.wrapServletException(ServletUtil.java:61): ServletException including path '/META-INF/views/framework/page.jsp'.
javax.el.BeanELResolver$BeanProperties.get(BeanELResolver.java:260): Property [banner] not found on type [acme.entities.comercialbanner.Comercialbanner]
ERROR [org.apache.catalina.core.ContainerBase.[Tomcat].[localhost].[/acme-jobs].[jsp]] at javax.el.BeanELResolver$BeanProperties.get(BeanELResolver.java:260): Property [banner] not found on type [acme.entities.comercialbanner.Comercialbanner]
ERROR [org.apache.catalina.core.ContainerBase.[Tomcat].[localhost].[/acme-jobs].[dispatcherServlet]] at javax.el.BeanELResolver$BeanProperties.get(BeanELResolver.java:260): Property [banner] not found on type [acme.entities.comercialbanner.Comercialbanner]
ERROR [org.apache.catalina.core.ContainerBase.[Tomcat].[localhost]] at org.springframework.web.servlet.FrameworkServlet.processRequest(FrameworkServlet.java:1013): Request processing failed; nested exception is org.apache.tiles.request.render.CannotRenderException: ServletException including path '/META-INF/views/framework/page.jsp'.
at org.apache.tiles.impl.BasicTilesContainer.render(BasicTilesContainer.java:399): ServletException including path '/META-INF/views/framework/page.jsp'.
at org.apache.tiles.request.servlet.ServletUtil.wrapServletException(ServletUtil.java:61): ServletException including path '/META-INF/views/framework/page.jsp'.
at javax.el.BeanELResolver$BeanProperties.get(BeanELResolver.java:260): Property [banner] not found on type [acme.entities.comercialbanner.Comercialbanner]
ERROR [org.apache.catalina.core.ContainerBase.[Tomcat].[localhost].[/acme-jobs].[jsp]] at javax.el.BeanELResolver$BeanProperties.get(BeanELResolver.java:260): Property [banner] not found on type [acme.entities.comercialbanner.Comercialbanner]
ERROR [org.apache.catalina.core.ContainerBase.[Tomcat].[localhost].[/acme-jobs].[dispatcherServlet]] at javax.el.BeanELResolver$BeanProperties.get(BeanELResolver.java:260): Property [banner] not found on type [acme.entities.comercialbanner.Comercialbanner]
ERROR [org.apache.jsp.META_002dINF.views.framework.panic_jsp] HTTP GET /acme-jobs/master/panic HTTP/1.1
ERROR [org.apache.jsp.META_002dINF.views.framework.panic_jsp] Status: 500
ERROR [org.apache.jsp.META_002dINF.views.framework.panic_jsp] Exception: org.springframework.web.servlet.FrameworkServlet.processRequest(FrameworkServlet.java:1013): Request processing failed; nested exception is org.apache.tiles.request.render.CannotRenderException: ServletException including path '/META-INF/views/framework/page.jsp'.
org.apache.tiles.impl.BasicTilesContainer.render(BasicTilesContainer.java:399): ServletException including path '/META-INF/views/framework/page.jsp'.
org.apache.tiles.request.servlet.ServletUtil.wrapServletException(ServletUtil.java:61): ServletException including path '/META-INF/views/framework/page.jsp'.
javax.el.BeanELResolver$BeanProperties.get(BeanELResolver.java:260): Property [banner] not found on type [acme.entities.comercialbanner.Comercialbanner]
ERROR [org.apache.catalina.core.ContainerBase.[Tomcat].[localhost].[/acme-jobs].[jsp]] at javax.el.BeanELResolver$BeanProperties.get(BeanELResolver.java:260): Property [banner] not found on type [acme.entities.comercialbanner.Comercialbanner]
ERROR [org.apache.catalina.core.ContainerBase.[Tomcat].[localhost].[/acme-jobs].[dispatcherServlet]] at javax.el.BeanELResolver$BeanProperties.get(BeanELResolver.java:260): Property [banner] not found on type [acme.entities.comercialbanner.Comercialbanner]
ERROR [org.apache.catalina.core.ContainerBase.[Tomcat].[localhost]] at org.springframework.web.servlet.FrameworkServlet.processRequest(FrameworkServlet.java:1013): Request processing failed; nested exception is org.apache.tiles.request.render.CannotRenderException: ServletException including path '/META-INF/views/framework/page.jsp'.
at org.apache.tiles.impl.BasicTilesContainer.render(BasicTilesContainer.java:399): ServletException including path '/META-INF/views/framework/page.jsp'.
at org.apache.tiles.request.servlet.ServletUtil.wrapServletException(ServletUtil.java:61): ServletException including path '/META-INF/views/framework/page.jsp'.
at javax.el.BeanELResolver$BeanProperties.get(BeanELResolver.java:260): Property [banner] not found on type [acme.entities.comercialbanner.Comercialbanner]
ERROR [org.apache.catalina.core.ContainerBase.[Tomcat].[localhost].[/acme-jobs].[jsp]] at javax.el.BeanELResolver$BeanProperties.get(BeanELResolver.java:260): Property [banner] not found on type [acme.entities.comercialbanner.Comercialbanner]
ERROR [org.apache.catalina.core.ContainerBase.[Tomcat].[localhost].[/acme-jobs].[dispatcherServlet]] at javax.el.BeanELResolver$BeanProperties.get(BeanELResolver.java:260): Property [banner] not found on type [acme.entities.comercialbanner.Comercialbanner]
ERROR [org.apache.jsp.META_002dINF.views.framework.panic_jsp] HTTP GET /acme-jobs/master/panic HTTP/1.1
ERROR [org.apache.jsp.META_002dINF.views.framework.panic_jsp] Status: 500
ERROR [org.apache.jsp.META_002dINF.views.framework.panic_jsp] Exception: org.springframework.web.servlet.FrameworkServlet.processRequest(FrameworkServlet.java:1013): Request processing failed; nested exception is org.apache.tiles.request.render.CannotRenderException: ServletException including path '/META-INF/views/framework/page.jsp'.
org.apache.tiles.impl.BasicTilesContainer.render(BasicTilesContainer.java:399): ServletException including path '/META-INF/views/framework/page.jsp'.
org.apache.tiles.request.servlet.ServletUtil.wrapServletException(ServletUtil.java:61): ServletException including path '/META-INF/views/framework/page.jsp'.
javax.el.BeanELResolver$BeanProperties.get(BeanELResolver.java:260): Property [banner] not found on type [acme.entities.comercialbanner.Comercialbanner]
ERROR [org.apache.catalina.core.ContainerBase.[Tomcat].[localhost].[/acme-jobs].[jsp]] at javax.el.BeanELResolver$BeanProperties.get(BeanELResolver.java:260): Property [banner] not found on type [acme.entities.comercialbanner.Comercialbanner]
ERROR [org.apache.catalina.core.ContainerBase.[Tomcat].[localhost].[/acme-jobs].[dispatcherServlet]] at javax.el.BeanELResolver$BeanProperties.get(BeanELResolver.java:260): Property [banner] not found on type [acme.entities.comercialbanner.Comercialbanner]
ERROR [org.apache.catalina.core.ContainerBase.[Tomcat].[localhost]] at org.springframework.web.servlet.FrameworkServlet.processRequest(FrameworkServlet.java:1013): Request processing failed; nested exception is org.apache.tiles.request.render.CannotRenderException: ServletException including path '/META-INF/views/framework/page.jsp'.
at org.apache.tiles.impl.BasicTilesContainer.render(BasicTilesContainer.java:399): ServletException including path '/META-INF/views/framework/page.jsp'.
at org.apache.tiles.request.servlet.ServletUtil.wrapServletException(ServletUtil.java:61): ServletException including path '/META-INF/views/framework/page.jsp'.
at javax.el.BeanELResolver$BeanProperties.get(BeanELResolver.java:260): Property [banner] not found on type [acme.entities.comercialbanner.Comercialbanner]
ERROR [org.apache.catalina.core.ContainerBase.[Tomcat].[localhost].[/acme-jobs].[jsp]] at javax.el.BeanELResolver$BeanProperties.get(BeanELResolver.java:260): Property [banner] not found on type [acme.entities.noncomercialbanner.Noncomercialbanner]
ERROR [org.apache.catalina.core.ContainerBase.[Tomcat].[localhost].[/acme-jobs].[dispatcherServlet]] at javax.el.BeanELResolver$BeanProperties.get(BeanELResolver.java:260): Property [banner] not found on type [acme.entities.noncomercialbanner.Noncomercialbanner]
ERROR [org.apache.jsp.META_002dINF.views.framework.panic_jsp] HTTP GET /acme-jobs/master/panic HTTP/1.1
ERROR [org.apache.jsp.META_002dINF.views.framework.panic_jsp] Status: 500
ERROR [org.apache.jsp.META_002dINF.views.framework.panic_jsp] Exception: org.springframework.web.servlet.FrameworkServlet.processRequest(FrameworkServlet.java:1013): Request processing failed; nested exception is org.apache.tiles.request.render.CannotRenderException: ServletException including path '/META-INF/views/framework/page.jsp'.
org.apache.tiles.impl.BasicTilesContainer.render(BasicTilesContainer.java:399): ServletException including path '/META-INF/views/framework/page.jsp'.
org.apache.tiles.request.servlet.ServletUtil.wrapServletException(ServletUtil.java:61): ServletException including path '/META-INF/views/framework/page.jsp'.
javax.el.BeanELResolver$BeanProperties.get(BeanELResolver.java:260): Property [banner] not found on type [acme.entities.noncomercialbanner.Noncomercialbanner]
ERROR [org.apache.catalina.core.ContainerBase.[Tomcat].[localhost].[/acme-jobs].[jsp]] at javax.el.BeanELResolver$BeanProperties.get(BeanELResolver.java:260): Property [banner] not found on type [acme.entities.noncomercialbanner.Noncomercialbanner]
ERROR [org.apache.catalina.core.ContainerBase.[Tomcat].[localhost].[/acme-jobs].[dispatcherServlet]] at javax.el.BeanELResolver$BeanProperties.get(BeanELResolver.java:260): Property [banner] not found on type [acme.entities.noncomercialbanner.Noncomercialbanner]
ERROR [org.apache.catalina.core.ContainerBase.[Tomcat].[localhost]] at org.springframework.web.servlet.FrameworkServlet.processRequest(FrameworkServlet.java:1013): Request processing failed; nested exception is org.apache.tiles.request.render.CannotRenderException: ServletException including path '/META-INF/views/framework/page.jsp'.
at org.apache.tiles.impl.BasicTilesContainer.render(BasicTilesContainer.java:399): ServletException including path '/META-INF/views/framework/page.jsp'.
at org.apache.tiles.request.servlet.ServletUtil.wrapServletException(ServletUtil.java:61): ServletException including path '/META-INF/views/framework/page.jsp'.
at javax.el.BeanELResolver$BeanProperties.get(BeanELResolver.java:260): Property [banner] not found on type [acme.entities.noncomercialbanner.Noncomercialbanner]
ERROR [org.apache.jsp.META_002dINF.views.framework.panic_jsp] HTTP GET /acme-jobs/META-INF/views/framework/page.jsp HTTP/1.1
ERROR [org.apache.jsp.META_002dINF.views.framework.panic_jsp] Status: 500
ERROR [org.apache.jsp.META_002dINF.views.framework.panic_jsp] Exception: org.springframework.beans.AbstractNestablePropertyAccessor.getPropertyValue(AbstractNestablePropertyAccessor.java:703): Invalid property 'hasRequest' of bean class [acme.entities.auditorrequest.Auditorrequest]: Getter for property 'hasRequest' threw exception; nested exception is java.lang.reflect.InvocationTargetException
java.lang.reflect.InvocationTargetExceptionjava.lang.NullPointerException
ERROR [org.apache.jsp.META_002dINF.views.framework.panic_jsp] HTTP GET /acme-jobs/META-INF/views/framework/page.jsp HTTP/1.1
ERROR [org.apache.jsp.META_002dINF.views.framework.panic_jsp] Status: 500
ERROR [org.apache.jsp.META_002dINF.views.framework.panic_jsp] Exception: org.springframework.beans.AbstractNestablePropertyAccessor.getPropertyValue(AbstractNestablePropertyAccessor.java:703): Invalid property 'hasRequest' of bean class [acme.entities.auditorrequest.Auditorrequest]: Getter for property 'hasRequest' threw exception; nested exception is java.lang.reflect.InvocationTargetException
java.lang.reflect.InvocationTargetExceptionjava.lang.NullPointerException
ERROR [org.apache.jsp.META_002dINF.views.framework.panic_jsp] HTTP GET /acme-jobs/META-INF/views/framework/page.jsp HTTP/1.1
ERROR [org.apache.jsp.META_002dINF.views.framework.panic_jsp] Status: 500
ERROR [org.apache.jsp.META_002dINF.views.framework.panic_jsp] Exception: acme.framework.helpers.Assert.state(Assert.java:40): Access is not authorised
ERROR [org.apache.jsp.META_002dINF.views.framework.panic_jsp] HTTP GET /acme-jobs/META-INF/views/framework/page.jsp HTTP/1.1
ERROR [org.apache.jsp.META_002dINF.views.framework.panic_jsp] Status: 500
ERROR [org.apache.jsp.META_002dINF.views.framework.panic_jsp] Exception: org.springframework.beans.AbstractNestablePropertyAccessor.getPropertyValue(AbstractNestablePropertyAccessor.java:703): Invalid property 'hasRequest' of bean class [acme.entities.auditorrequest.Auditorrequest]: Getter for property 'hasRequest' threw exception; nested exception is java.lang.reflect.InvocationTargetException
java.lang.reflect.InvocationTargetExceptionjava.lang.NullPointerException
